Oct 21, 2024 3:56:31 PM main.java.edu.gui.Graphics createObject
INFO: Graphics object has been created
Oct 21, 2024 3:56:31 PM main.java.edu.fileio.FileProcessor createFileObject
INFO: File object created
Oct 21, 2024 3:56:31 PM edu.curtin.App.App main
INFO: msgList items:



Oct 21, 2024 3:56:32 PM edu.curtin.App.App main
INFO: msgList items:



Oct 21, 2024 3:56:32 PM edu.curtin.App.App main
INFO: town-founding Marston_Ridsell 152
Oct 21, 2024 3:56:32 PM edu.curtin.App.App main
INFO: town-founding Porbottom 588
Oct 21, 2024 3:56:32 PM main.java.edu.factory.ObjectFactory processMessages
INFO: 
New town founded!

Oct 21, 2024 3:56:32 PM main.java.edu.factory.ObjectFactory processMessages
INFO: 
New town founded!

Oct 21, 2024 3:56:33 PM edu.curtin.App.App main
INFO: msgList items:



Oct 21, 2024 3:56:33 PM edu.curtin.App.App main
INFO: railway-construction Porbottom Marston_Ridsell
Oct 21, 2024 3:56:33 PM main.java.edu.state.BuildingState build
INFO: 


DEBUG   Railways being built days remaining: 4
Oct 21, 2024 3:56:34 PM edu.curtin.App.App main
INFO: msgList items:



Oct 21, 2024 3:56:34 PM main.java.edu.state.BuildingState build
INFO: 


DEBUG   Railways being built days remaining: 3
Oct 21, 2024 3:56:35 PM edu.curtin.App.App main
INFO: msgList items:



Oct 21, 2024 3:56:35 PM main.java.edu.state.BuildingState build
INFO: 


DEBUG   Railways being built days remaining: 2
Oct 21, 2024 3:56:36 PM edu.curtin.App.App main
INFO: msgList items:



Oct 21, 2024 3:56:36 PM main.java.edu.state.BuildingState build
INFO: 


DEBUG   Railways being built days remaining: 1
Oct 21, 2024 3:56:37 PM edu.curtin.App.App main
INFO: msgList items:



Oct 21, 2024 3:56:37 PM edu.curtin.App.App main
INFO: town-founding Lesser_Nummill 602
Oct 21, 2024 3:56:37 PM main.java.edu.factory.ObjectFactory processMessages
INFO: 
New town founded!

Oct 21, 2024 3:56:37 PM main.java.edu.state.BuildingState build
INFO: 


DEBUG   Railways being built days remaining: 0
Oct 21, 2024 3:56:38 PM edu.curtin.App.App main
INFO: msgList items:



Oct 21, 2024 3:56:38 PM main.java.edu.state.BuildingState build
INFO: 


DEBUG      Railway state transition to BUILT
Oct 21, 2024 3:56:38 PM main.java.edu.gui.Graphics processGoodsTransport
INFO: 


Before transporting from Porbottom: 4116 goods.
Oct 21, 2024 3:56:38 PM main.java.edu.gui.Graphics processGoodsTransport
INFO: After transporting from Porbottom: 4016 goods.Goods transported is 100
Oct 21, 2024 3:56:39 PM edu.curtin.App.App main
INFO: msgList items:



Oct 21, 2024 3:56:39 PM edu.curtin.App.App main
INFO: railway-construction Marston_Ridsell Lesser_Nummill
Oct 21, 2024 3:56:39 PM edu.curtin.App.App main
INFO: daHceRzzvBFi Porbottom EEqS2@Q< '
Oct 21, 2024 3:56:39 PM edu.curtin.App.App main
INFO: railway-duplication Marston_Ridsell Porbottom
Oct 21, 2024 3:56:39 PM main.java.edu.factory.ConcreteRailObject setRailwayDuplication
INFO: Railway is now two-way.

Oct 21, 2024 3:56:39 PM main.java.edu.state.BuiltState build
INFO: 


ALREADY BUILT
Oct 21, 2024 3:56:39 PM main.java.edu.state.BuildingState build
INFO: 


DEBUG   Railways being built days remaining: 4
Oct 21, 2024 3:56:39 PM main.java.edu.gui.Graphics processGoodsTransport
INFO: 


Before transporting from Marston_Ridsell: 1216 goods.
Oct 21, 2024 3:56:39 PM main.java.edu.gui.Graphics processGoodsTransport
INFO: After transporting from Marston_Ridsell: 1116 goods.Goods transported is 100
Oct 21, 2024 3:56:40 PM edu.curtin.App.App main
INFO: msgList items:



Oct 21, 2024 3:56:40 PM edu.curtin.App.App main
INFO: railway-construction Lesser_Nummill Porbottom
Oct 21, 2024 3:56:40 PM edu.curtin.App.App main
INFO: town-population Porbottom 542
Oct 21, 2024 3:56:40 PM main.java.edu.factory.ConcreteTownObject setUpdatePopulation
INFO: 
Population of town Porbottom set to: 542

Oct 21, 2024 3:56:40 PM main.java.edu.state.BuiltState build
INFO: 


ALREADY BUILT
Oct 21, 2024 3:56:40 PM main.java.edu.state.BuildingState build
INFO: 


DEBUG   Railways being built days remaining: 3
Oct 21, 2024 3:56:40 PM main.java.edu.state.BuildingState build
INFO: 


DEBUG   Railways being built days remaining: 4
Oct 21, 2024 3:56:40 PM main.java.edu.gui.Graphics processGoodsTransport
INFO: 


Before transporting from Porbottom: 5146 goods.
Oct 21, 2024 3:56:40 PM main.java.edu.gui.Graphics processGoodsTransport
INFO: After transporting from Porbottom: 5046 goods.Goods transported is 100
Oct 21, 2024 3:56:41 PM edu.curtin.App.App main
INFO: msgList items:



Oct 21, 2024 3:56:41 PM edu.curtin.App.App main
INFO: Porbottom 440 nr|>Gl|N bB$U
Oct 21, 2024 3:56:41 PM main.java.edu.state.BuiltState build
INFO: 


ALREADY BUILT
Oct 21, 2024 3:56:41 PM main.java.edu.state.BuildingState build
INFO: 


DEBUG   Railways being built days remaining: 2
Oct 21, 2024 3:56:41 PM main.java.edu.state.BuildingState build
INFO: 


DEBUG   Railways being built days remaining: 3
Oct 21, 2024 3:56:41 PM main.java.edu.gui.Graphics processGoodsTransport
INFO: 


Before transporting from Marston_Ridsell: 1420 goods.
Oct 21, 2024 3:56:41 PM main.java.edu.gui.Graphics processGoodsTransport
INFO: After transporting from Marston_Ridsell: 1320 goods.Goods transported is 100
Oct 21, 2024 3:56:42 PM edu.curtin.App.App main
INFO: msgList items:



Oct 21, 2024 3:56:42 PM main.java.edu.state.BuiltState build
INFO: 


ALREADY BUILT
Oct 21, 2024 3:56:42 PM main.java.edu.state.BuildingState build
INFO: 


DEBUG   Railways being built days remaining: 1
Oct 21, 2024 3:56:42 PM main.java.edu.state.BuildingState build
INFO: 


DEBUG   Railways being built days remaining: 2
Oct 21, 2024 3:56:42 PM main.java.edu.gui.Graphics processGoodsTransport
INFO: 


Before transporting from Porbottom: 6130 goods.
Oct 21, 2024 3:56:42 PM main.java.edu.gui.Graphics processGoodsTransport
INFO: After transporting from Porbottom: 6030 goods.Goods transported is 100
Oct 21, 2024 3:56:43 PM edu.curtin.App.App main
INFO: msgList items:



Oct 21, 2024 3:56:43 PM edu.curtin.App.App main
INFO: town-founding Foddercastle 89
Oct 21, 2024 3:56:43 PM main.java.edu.factory.ObjectFactory processMessages
INFO: 
New town founded!

Oct 21, 2024 3:56:43 PM main.java.edu.state.BuiltState build
INFO: 


ALREADY BUILT
Oct 21, 2024 3:56:43 PM main.java.edu.state.BuildingState build
INFO: 


DEBUG   Railways being built days remaining: 0
Oct 21, 2024 3:56:43 PM main.java.edu.state.BuildingState build
INFO: 


DEBUG   Railways being built days remaining: 1
Oct 21, 2024 3:56:43 PM main.java.edu.gui.Graphics processGoodsTransport
INFO: 


Before transporting from Marston_Ridsell: 1624 goods.
Oct 21, 2024 3:56:43 PM main.java.edu.gui.Graphics processGoodsTransport
INFO: After transporting from Marston_Ridsell: 1524 goods.Goods transported is 100
Oct 21, 2024 3:56:44 PM edu.curtin.App.App main
INFO: msgList items:



Oct 21, 2024 3:56:44 PM edu.curtin.App.App main
INFO: railway-duplication Lesser_Nummill Porbottom
Oct 21, 2024 3:56:44 PM main.java.edu.factory.ConcreteRailObject setRailwayDuplication
INFO: Railway is now two-way.

Oct 21, 2024 3:56:44 PM main.java.edu.state.BuiltState build
INFO: 


ALREADY BUILT
Oct 21, 2024 3:56:44 PM main.java.edu.state.BuildingState build
INFO: 


DEBUG      Railway state transition to BUILT
Oct 21, 2024 3:56:44 PM main.java.edu.state.BuildingState build
INFO: 


DEBUG   Railways being built days remaining: 4
Oct 21, 2024 3:56:44 PM main.java.edu.gui.Graphics processGoodsTransport
INFO: 


Before transporting from Porbottom: 7114 goods.
Oct 21, 2024 3:56:44 PM main.java.edu.gui.Graphics processGoodsTransport
INFO: After transporting from Porbottom: 7014 goods.Goods transported is 100
Oct 21, 2024 3:56:44 PM main.java.edu.gui.Graphics processGoodsTransport
INFO: 


Before transporting from Marston_Ridsell: 1676 goods.
Oct 21, 2024 3:56:44 PM main.java.edu.gui.Graphics processGoodsTransport
INFO: After transporting from Lesser_Nummill: 4816 goods.
Oct 21, 2024 3:56:44 PM main.java.edu.gui.Graphics processGoodsTransport
INFO: After transporting from Marston_Ridsell: 1576 goods.Goods transported is 100
Oct 21, 2024 3:56:44 PM main.java.edu.gui.Graphics processGoodsTransport
INFO: After transporting from Lesser_Nummill: 4716 goods.Goods transported is 100
Oct 21, 2024 3:56:45 PM edu.curtin.App.App main
INFO: msgList items:



Oct 21, 2024 3:56:45 PM main.java.edu.state.BuiltState build
INFO: 


ALREADY BUILT
Oct 21, 2024 3:56:45 PM main.java.edu.state.BuiltState build
INFO: 


ALREADY BUILT
Oct 21, 2024 3:56:45 PM main.java.edu.state.BuildingState build
INFO: 


DEBUG   Railways being built days remaining: 3
Oct 21, 2024 3:56:45 PM main.java.edu.gui.Graphics processGoodsTransport
INFO: 


Before transporting from Marston_Ridsell: 1728 goods.
Oct 21, 2024 3:56:45 PM main.java.edu.gui.Graphics processGoodsTransport
INFO: After transporting from Marston_Ridsell: 1628 goods.Goods transported is 100
Oct 21, 2024 3:56:45 PM main.java.edu.gui.Graphics processGoodsTransport
INFO: 


Before transporting from Marston_Ridsell: 1628 goods.
Oct 21, 2024 3:56:45 PM main.java.edu.gui.Graphics processGoodsTransport
INFO: After transporting from Lesser_Nummill: 5318 goods.
Oct 21, 2024 3:56:45 PM main.java.edu.gui.Graphics processGoodsTransport
INFO: After transporting from Marston_Ridsell: 1528 goods.Goods transported is 200
Oct 21, 2024 3:56:45 PM main.java.edu.gui.Graphics processGoodsTransport
INFO: After transporting from Lesser_Nummill: 5218 goods.Goods transported is 100
Oct 21, 2024 3:56:46 PM edu.curtin.App.App main
INFO: msgList items:



Oct 21, 2024 3:56:46 PM main.java.edu.state.BuiltState build
INFO: 


ALREADY BUILT
Oct 21, 2024 3:56:46 PM main.java.edu.state.BuiltState build
INFO: 


ALREADY BUILT
Oct 21, 2024 3:56:46 PM main.java.edu.state.BuildingState build
INFO: 


DEBUG   Railways being built days remaining: 2
Oct 21, 2024 3:56:46 PM main.java.edu.gui.Graphics processGoodsTransport
INFO: 


Before transporting from Porbottom: 8098 goods.
Oct 21, 2024 3:56:46 PM main.java.edu.gui.Graphics processGoodsTransport
INFO: After transporting from Porbottom: 7998 goods.Goods transported is 100
Oct 21, 2024 3:56:46 PM main.java.edu.gui.Graphics processGoodsTransport
INFO: 


Before transporting from Marston_Ridsell: 1680 goods.
Oct 21, 2024 3:56:46 PM main.java.edu.gui.Graphics processGoodsTransport
INFO: After transporting from Lesser_Nummill: 5820 goods.
Oct 21, 2024 3:56:46 PM main.java.edu.gui.Graphics processGoodsTransport
INFO: After transporting from Marston_Ridsell: 1580 goods.Goods transported is 100
Oct 21, 2024 3:56:46 PM main.java.edu.gui.Graphics processGoodsTransport
INFO: After transporting from Lesser_Nummill: 5720 goods.Goods transported is 100
Oct 21, 2024 3:56:47 PM edu.curtin.App.App main
INFO: msgList items:



Oct 21, 2024 3:56:47 PM edu.curtin.App.App main
INFO: town-population Foddercastle 92
Oct 21, 2024 3:56:47 PM main.java.edu.factory.ConcreteTownObject setUpdatePopulation
INFO: 
Population of town Foddercastle set to: 92

Oct 21, 2024 3:56:47 PM main.java.edu.state.BuiltState build
INFO: 


ALREADY BUILT
Oct 21, 2024 3:56:47 PM main.java.edu.state.BuiltState build
INFO: 


ALREADY BUILT
Oct 21, 2024 3:56:47 PM main.java.edu.state.BuildingState build
INFO: 


DEBUG   Railways being built days remaining: 1
Oct 21, 2024 3:56:47 PM main.java.edu.gui.Graphics processGoodsTransport
INFO: 


Before transporting from Marston_Ridsell: 1732 goods.
Oct 21, 2024 3:56:47 PM main.java.edu.gui.Graphics processGoodsTransport
INFO: After transporting from Marston_Ridsell: 1632 goods.Goods transported is 100
Oct 21, 2024 3:56:47 PM main.java.edu.gui.Graphics processGoodsTransport
INFO: 


Before transporting from Marston_Ridsell: 1632 goods.
Oct 21, 2024 3:56:47 PM main.java.edu.gui.Graphics processGoodsTransport
INFO: After transporting from Lesser_Nummill: 6322 goods.
Oct 21, 2024 3:56:47 PM main.java.edu.gui.Graphics processGoodsTransport
INFO: After transporting from Marston_Ridsell: 1532 goods.Goods transported is 200
Oct 21, 2024 3:56:47 PM main.java.edu.gui.Graphics processGoodsTransport
INFO: After transporting from Lesser_Nummill: 6222 goods.Goods transported is 100
